<?xml version="1.0" encoding="UTF-8"?>
<coverage generated="1771342881702" clover="3.2.0">
  <project timestamp="1771342881702" name="All files">
    <metrics statements="64" coveredstatements="63" conditionals="35" coveredconditionals="32" methods="10" coveredmethods="10" elements="109" coveredelements="105" complexity="0" loc="64" ncloc="64" packages="1" files="2" classes="2"/>
    <file name="service.ts" path="/Users/webpilots/Repos/Github/webtools-platform/server/src/tools/html-refactor/service.ts">
      <metrics statements="63" coveredstatements="62" conditionals="35" coveredconditionals="32" methods="10" coveredmethods="10"/>
      <line num="4" count="1" type="stmt"/>
      <line num="11" count="1" type="stmt"/>
      <line num="13" count="1" type="stmt"/>
      <line num="15" count="1" type="stmt"/>
      <line num="16" count="5" type="stmt"/>
      <line num="17" count="5" type="cond" truecount="2" falsecount="0"/>
      <line num="20" count="1" type="stmt"/>
      <line num="21" count="5" type="stmt"/>
      <line num="22" count="5" type="stmt"/>
      <line num="23" count="5" type="stmt"/>
      <line num="26" count="1" type="stmt"/>
      <line num="27" count="2" type="cond" truecount="2" falsecount="0"/>
      <line num="28" count="1" type="stmt"/>
      <line num="30" count="1" type="cond" truecount="1" falsecount="1"/>
      <line num="33" count="1" type="stmt"/>
      <line num="34" count="9" type="cond" truecount="2" falsecount="0"/>
      <line num="35" count="1" type="stmt"/>
      <line num="37" count="8" type="stmt"/>
      <line num="40" count="1" type="stmt"/>
      <line num="41" count="8" type="cond" truecount="4" falsecount="0"/>
      <line num="42" count="1" type="stmt"/>
      <line num="44" count="7" type="stmt"/>
      <line num="47" count="1" type="stmt"/>
      <line num="48" count="5" type="cond" truecount="5" falsecount="0"/>
      <line num="49" count="1" type="stmt"/>
      <line num="52" count="4" type="stmt"/>
      <line num="53" count="4" type="stmt"/>
      <line num="54" count="4" type="cond" truecount="2" falsecount="0"/>
      <line num="55" count="1" type="stmt"/>
      <line num="59" count="3" type="stmt"/>
      <line num="62" count="1" type="stmt"/>
      <line num="66" count="4" type="stmt"/>
      <line num="67" count="4" type="stmt"/>
      <line num="68" count="4" type="stmt"/>
      <line num="69" count="4" type="stmt"/>
      <line num="70" count="4" type="stmt"/>
      <line num="72" count="4" type="stmt"/>
      <line num="73" count="7" type="stmt"/>
      <line num="74" count="7" type="cond" truecount="4" falsecount="0"/>
      <line num="75" count="1" type="stmt"/>
      <line num="77" count="6" type="cond" truecount="2" falsecount="0"/>
      <line num="78" count="2" type="stmt"/>
      <line num="80" count="4" type="stmt"/>
      <line num="81" count="4" type="stmt"/>
      <line num="84" count="4" type="stmt"/>
      <line num="87" count="1" type="stmt"/>
      <line num="92" count="5" type="stmt"/>
      <line num="93" count="5" type="stmt"/>
      <line num="94" count="5" type="stmt"/>
      <line num="95" count="5" type="stmt"/>
      <line num="96" count="5" type="stmt"/>
      <line num="98" count="5" type="stmt"/>
      <line num="99" count="4" type="stmt"/>
      <line num="100" count="4" type="cond" truecount="3" falsecount="1"/>
      <line num="101" count="0" type="stmt"/>
      <line num="104" count="4" type="cond" truecount="2" falsecount="0"/>
      <line num="105" count="2" type="stmt"/>
      <line num="106" count="2" type="cond" truecount="1" falsecount="1"/>
      <line num="107" count="2" type="stmt"/>
      <line num="108" count="2" type="stmt"/>
      <line num="113" count="5" type="cond" truecount="2" falsecount="0"/>
      <line num="114" count="1" type="stmt"/>
      <line num="117" count="2" type="stmt"/>
    </file>
    <file name="types.ts" path="/Users/webpilots/Repos/Github/webtools-platform/server/src/tools/html-refactor/types.ts">
      <metrics statements="1" coveredstatements="1" conditionals="0" coveredconditionals="0" methods="0" coveredmethods="0"/>
      <line num="1" count="1" type="stmt"/>
    </file>
  </project>
</coverage>
