{"/Users/webpilots/Repos/Github/webtools-platform/server/src/tools/html-refactor/service.ts": {"path":"/Users/webpilots/Repos/Github/webtools-platform/server/src/tools/html-refactor/service.ts","statementMap":{"0":{"start":{"line":4,"column":30},"end":{"line":9,"column":null}},"1":{"start":{"line":11,"column":28},"end":{"line":11,"column":null}},"2":{"start":{"line":13,"column":25},"end":{"line":13,"column":null}},"3":{"start":{"line":15,"column":23},"end":{"line":18,"column":null}},"4":{"start":{"line":16,"column":16},"end":{"line":16,"column":null}},"5":{"start":{"line":17,"column":2},"end":{"line":17,"column":null}},"6":{"start":{"line":20,"column":17},"end":{"line":24,"column":null}},"7":{"start":{"line":21,"column":21},"end":{"line":21,"column":null}},"8":{"start":{"line":22,"column":12},"end":{"line":22,"column":null}},"9":{"start":{"line":23,"column":2},"end":{"line":23,"column":null}},"10":{"start":{"line":26,"column":22},"end":{"line":31,"column":null}},"11":{"start":{"line":27,"column":2},"end":{"line":29,"column":null}},"12":{"start":{"line":28,"column":4},"end":{"line":28,"column":null}},"13":{"start":{"line":30,"column":2},"end":{"line":30,"column":null}},"14":{"start":{"line":33,"column":19},"end":{"line":38,"column":null}},"15":{"start":{"line":34,"column":2},"end":{"line":36,"column":null}},"16":{"start":{"line":35,"column":4},"end":{"line":35,"column":null}},"17":{"start":{"line":37,"column":2},"end":{"line":37,"column":null}},"18":{"start":{"line":40,"column":24},"end":{"line":45,"column":null}},"19":{"start":{"line":41,"column":2},"end":{"line":43,"column":null}},"20":{"start":{"line":42,"column":4},"end":{"line":42,"column":null}},"21":{"start":{"line":44,"column":2},"end":{"line":44,"column":null}},"22":{"start":{"line":47,"column":27},"end":{"line":60,"column":null}},"23":{"start":{"line":48,"column":2},"end":{"line":50,"column":null}},"24":{"start":{"line":49,"column":4},"end":{"line":49,"column":null}},"25":{"start":{"line":52,"column":17},"end":{"line":52,"column":null}},"26":{"start":{"line":53,"column":2},"end":{"line":57,"column":null}},"27":{"start":{"line":54,"column":4},"end":{"line":56,"column":null}},"28":{"start":{"line":55,"column":6},"end":{"line":55,"column":null}},"29":{"start":{"line":59,"column":2},"end":{"line":59,"column":null}},"30":{"start":{"line":62,"column":38},"end":{"line":85,"column":null}},"31":{"start":{"line":66,"column":15},"end":{"line":66,"column":null}},"32":{"start":{"line":67,"column":20},"end":{"line":67,"column":null}},"33":{"start":{"line":68,"column":16},"end":{"line":68,"column":null}},"34":{"start":{"line":69,"column":27},"end":{"line":69,"column":null}},"35":{"start":{"line":70,"column":15},"end":{"line":70,"column":null}},"36":{"start":{"line":72,"column":2},"end":{"line":82,"column":null}},"37":{"start":{"line":73,"column":18},"end":{"line":73,"column":null}},"38":{"start":{"line":74,"column":4},"end":{"line":76,"column":null}},"39":{"start":{"line":75,"column":6},"end":{"line":75,"column":null}},"40":{"start":{"line":77,"column":4},"end":{"line":79,"column":null}},"41":{"start":{"line":78,"column":6},"end":{"line":78,"column":null}},"42":{"start":{"line":80,"column":4},"end":{"line":80,"column":null}},"43":{"start":{"line":81,"column":4},"end":{"line":81,"column":null}},"44":{"start":{"line":84,"column":2},"end":{"line":84,"column":null}},"45":{"start":{"line":87,"column":38},"end":{"line":118,"column":null}},"46":{"start":{"line":92,"column":15},"end":{"line":92,"column":null}},"47":{"start":{"line":93,"column":20},"end":{"line":93,"column":null}},"48":{"start":{"line":94,"column":23},"end":{"line":94,"column":null}},"49":{"start":{"line":95,"column":28},"end":{"line":95,"column":null}},"50":{"start":{"line":96,"column":16},"end":{"line":96,"column":null}},"51":{"start":{"line":98,"column":2},"end":{"line":111,"column":null}},"52":{"start":{"line":99,"column":18},"end":{"line":99,"column":null}},"53":{"start":{"line":100,"column":4},"end":{"line":102,"column":null}},"54":{"start":{"line":101,"column":6},"end":{"line":101,"column":null}},"55":{"start":{"line":104,"column":4},"end":{"line":110,"column":null}},"56":{"start":{"line":105,"column":26},"end":{"line":105,"column":null}},"57":{"start":{"line":106,"column":6},"end":{"line":109,"column":null}},"58":{"start":{"line":107,"column":8},"end":{"line":107,"column":null}},"59":{"start":{"line":108,"column":8},"end":{"line":108,"column":null}},"60":{"start":{"line":113,"column":2},"end":{"line":115,"column":null}},"61":{"start":{"line":114,"column":4},"end":{"line":114,"column":null}},"62":{"start":{"line":117,"column":2},"end":{"line":117,"column":null}}},"fnMap":{"0":{"name":"(anonymous_0)","decl":{"start":{"line":15,"column":23},"end":{"line":15,"column":24}},"loc":{"start":{"line":15,"column":50},"end":{"line":18,"column":null}},"line":15},"1":{"name":"(anonymous_1)","decl":{"start":{"line":20,"column":17},"end":{"line":20,"column":18}},"loc":{"start":{"line":20,"column":83},"end":{"line":24,"column":null}},"line":20},"2":{"name":"(anonymous_2)","decl":{"start":{"line":26,"column":22},"end":{"line":26,"column":23}},"loc":{"start":{"line":26,"column":80},"end":{"line":31,"column":null}},"line":26},"3":{"name":"(anonymous_3)","decl":{"start":{"line":33,"column":19},"end":{"line":33,"column":20}},"loc":{"start":{"line":33,"column":46},"end":{"line":38,"column":null}},"line":33},"4":{"name":"(anonymous_4)","decl":{"start":{"line":40,"column":24},"end":{"line":40,"column":25}},"loc":{"start":{"line":40,"column":63},"end":{"line":45,"column":null}},"line":40},"5":{"name":"(anonymous_5)","decl":{"start":{"line":47,"column":27},"end":{"line":47,"column":28}},"loc":{"start":{"line":47,"column":78},"end":{"line":60,"column":null}},"line":47},"6":{"name":"(anonymous_6)","decl":{"start":{"line":62,"column":38},"end":{"line":62,"column":null}},"loc":{"start":{"line":65,"column":15},"end":{"line":85,"column":null}},"line":65},"7":{"name":"(anonymous_7)","decl":{"start":{"line":72,"column":27},"end":{"line":72,"column":28}},"loc":{"start":{"line":72,"column":43},"end":{"line":82,"column":3}},"line":72},"8":{"name":"(anonymous_8)","decl":{"start":{"line":87,"column":38},"end":{"line":87,"column":null}},"loc":{"start":{"line":91,"column":13},"end":{"line":118,"column":null}},"line":91},"9":{"name":"(anonymous_9)","decl":{"start":{"line":98,"column":27},"end":{"line":98,"column":28}},"loc":{"start":{"line":98,"column":43},"end":{"line":111,"column":3}},"line":98}},"branchMap":{"0":{"loc":{"start":{"line":17,"column":9},"end":{"line":17,"column":null}},"type":"binary-expr","locations":[{"start":{"line":17,"column":9},"end":{"line":17,"column":40}},{"start":{"line":17,"column":40},"end":{"line":17,"column":null}}],"line":17},"1":{"loc":{"start":{"line":27,"column":2},"end":{"line":29,"column":null}},"type":"if","locations":[{"start":{"line":27,"column":2},"end":{"line":29,"column":null}},{"start":{},"end":{}}],"line":27},"2":{"loc":{"start":{"line":30,"column":9},"end":{"line":30,"column":null}},"type":"binary-expr","locations":[{"start":{"line":30,"column":9},"end":{"line":30,"column":30}},{"start":{"line":30,"column":30},"end":{"line":30,"column":null}}],"line":30},"3":{"loc":{"start":{"line":34,"column":2},"end":{"line":36,"column":null}},"type":"if","locations":[{"start":{"line":34,"column":2},"end":{"line":36,"column":null}},{"start":{},"end":{}}],"line":34},"4":{"loc":{"start":{"line":41,"column":2},"end":{"line":43,"column":null}},"type":"if","locations":[{"start":{"line":41,"column":2},"end":{"line":43,"column":null}},{"start":{},"end":{}}],"line":41},"5":{"loc":{"start":{"line":41,"column":6},"end":{"line":41,"column":76}},"type":"binary-expr","locations":[{"start":{"line":41,"column":6},"end":{"line":41,"column":39}},{"start":{"line":41,"column":39},"end":{"line":41,"column":76}}],"line":41},"6":{"loc":{"start":{"line":48,"column":2},"end":{"line":50,"column":null}},"type":"if","locations":[{"start":{"line":48,"column":2},"end":{"line":50,"column":null}},{"start":{},"end":{}}],"line":48},"7":{"loc":{"start":{"line":48,"column":6},"end":{"line":48,"column":88}},"type":"binary-expr","locations":[{"start":{"line":48,"column":6},"end":{"line":48,"column":23}},{"start":{"line":48,"column":23},"end":{"line":48,"column":59}},{"start":{"line":48,"column":59},"end":{"line":48,"column":88}}],"line":48},"8":{"loc":{"start":{"line":54,"column":4},"end":{"line":56,"column":null}},"type":"if","locations":[{"start":{"line":54,"column":4},"end":{"line":56,"column":null}},{"start":{},"end":{}}],"line":54},"9":{"loc":{"start":{"line":74,"column":4},"end":{"line":76,"column":null}},"type":"if","locations":[{"start":{"line":74,"column":4},"end":{"line":76,"column":null}},{"start":{},"end":{}}],"line":74},"10":{"loc":{"start":{"line":74,"column":8},"end":{"line":74,"column":52}},"type":"binary-expr","locations":[{"start":{"line":74,"column":8},"end":{"line":74,"column":25}},{"start":{"line":74,"column":25},"end":{"line":74,"column":52}}],"line":74},"11":{"loc":{"start":{"line":77,"column":4},"end":{"line":79,"column":null}},"type":"if","locations":[{"start":{"line":77,"column":4},"end":{"line":79,"column":null}},{"start":{},"end":{}}],"line":77},"12":{"loc":{"start":{"line":100,"column":4},"end":{"line":102,"column":null}},"type":"if","locations":[{"start":{"line":100,"column":4},"end":{"line":102,"column":null}},{"start":{},"end":{}}],"line":100},"13":{"loc":{"start":{"line":100,"column":8},"end":{"line":100,"column":52}},"type":"binary-expr","locations":[{"start":{"line":100,"column":8},"end":{"line":100,"column":25}},{"start":{"line":100,"column":25},"end":{"line":100,"column":52}}],"line":100},"14":{"loc":{"start":{"line":104,"column":4},"end":{"line":110,"column":null}},"type":"if","locations":[{"start":{"line":104,"column":4},"end":{"line":110,"column":null}},{"start":{},"end":{}}],"line":104},"15":{"loc":{"start":{"line":106,"column":6},"end":{"line":109,"column":null}},"type":"if","locations":[{"start":{"line":106,"column":6},"end":{"line":109,"column":null}},{"start":{},"end":{}}],"line":106},"16":{"loc":{"start":{"line":113,"column":2},"end":{"line":115,"column":null}},"type":"if","locations":[{"start":{"line":113,"column":2},"end":{"line":115,"column":null}},{"start":{},"end":{}}],"line":113}},"s":{"0":1,"1":1,"2":1,"3":1,"4":5,"5":5,"6":1,"7":5,"8":5,"9":5,"10":1,"11":2,"12":1,"13":1,"14":1,"15":9,"16":1,"17":8,"18":1,"19":8,"20":1,"21":7,"22":1,"23":5,"24":1,"25":4,"26":4,"27":4,"28":1,"29":3,"30":1,"31":4,"32":4,"33":4,"34":4,"35":4,"36":4,"37":7,"38":7,"39":1,"40":6,"41":2,"42":4,"43":4,"44":4,"45":1,"46":5,"47":5,"48":5,"49":5,"50":5,"51":5,"52":4,"53":4,"54":0,"55":4,"56":2,"57":2,"58":2,"59":2,"60":5,"61":1,"62":2},"f":{"0":5,"1":5,"2":2,"3":9,"4":8,"5":5,"6":4,"7":7,"8":5,"9":4},"b":{"0":[5,4],"1":[1,1],"2":[1,0],"3":[1,8],"4":[1,7],"5":[8,8],"6":[1,4],"7":[5,4,4],"8":[1,3],"9":[1,6],"10":[7,7],"11":[2,4],"12":[0,4],"13":[4,4],"14":[2,2],"15":[2,0],"16":[1,4]},"meta":{"lastBranch":17,"lastFunction":10,"lastStatement":63,"seen":{"s:4:30:9:Infinity":0,"s:11:28:11:Infinity":1,"s:13:25:13:Infinity":2,"s:15:23:18:Infinity":3,"f:15:23:15:24":0,"s:16:16:16:Infinity":4,"s:17:2:17:Infinity":5,"b:17:9:17:40:17:40:17:Infinity":0,"s:20:17:24:Infinity":6,"f:20:17:20:18":1,"s:21:21:21:Infinity":7,"s:22:12:22:Infinity":8,"s:23:2:23:Infinity":9,"s:26:22:31:Infinity":10,"f:26:22:26:23":2,"b:27:2:29:Infinity:undefined:undefined:undefined:undefined":1,"s:27:2:29:Infinity":11,"s:28:4:28:Infinity":12,"s:30:2:30:Infinity":13,"b:30:9:30:30:30:30:30:Infinity":2,"s:33:19:38:Infinity":14,"f:33:19:33:20":3,"b:34:2:36:Infinity:undefined:undefined:undefined:undefined":3,"s:34:2:36:Infinity":15,"s:35:4:35:Infinity":16,"s:37:2:37:Infinity":17,"s:40:24:45:Infinity":18,"f:40:24:40:25":4,"b:41:2:43:Infinity:undefined:undefined:undefined:undefined":4,"s:41:2:43:Infinity":19,"b:41:6:41:39:41:39:41:76":5,"s:42:4:42:Infinity":20,"s:44:2:44:Infinity":21,"s:47:27:60:Infinity":22,"f:47:27:47:28":5,"b:48:2:50:Infinity:undefined:undefined:undefined:undefined":6,"s:48:2:50:Infinity":23,"b:48:6:48:23:48:23:48:59:48:59:48:88":7,"s:49:4:49:Infinity":24,"s:52:17:52:Infinity":25,"s:53:2:57:Infinity":26,"b:54:4:56:Infinity:undefined:undefined:undefined:undefined":8,"s:54:4:56:Infinity":27,"s:55:6:55:Infinity":28,"s:59:2:59:Infinity":29,"s:62:38:85:Infinity":30,"f:62:38:62:Infinity":6,"s:66:15:66:Infinity":31,"s:67:20:67:Infinity":32,"s:68:16:68:Infinity":33,"s:69:27:69:Infinity":34,"s:70:15:70:Infinity":35,"s:72:2:82:Infinity":36,"f:72:27:72:28":7,"s:73:18:73:Infinity":37,"b:74:4:76:Infinity:undefined:undefined:undefined:undefined":9,"s:74:4:76:Infinity":38,"b:74:8:74:25:74:25:74:52":10,"s:75:6:75:Infinity":39,"b:77:4:79:Infinity:undefined:undefined:undefined:undefined":11,"s:77:4:79:Infinity":40,"s:78:6:78:Infinity":41,"s:80:4:80:Infinity":42,"s:81:4:81:Infinity":43,"s:84:2:84:Infinity":44,"s:87:38:118:Infinity":45,"f:87:38:87:Infinity":8,"s:92:15:92:Infinity":46,"s:93:20:93:Infinity":47,"s:94:23:94:Infinity":48,"s:95:28:95:Infinity":49,"s:96:16:96:Infinity":50,"s:98:2:111:Infinity":51,"f:98:27:98:28":9,"s:99:18:99:Infinity":52,"b:100:4:102:Infinity:undefined:undefined:undefined:undefined":12,"s:100:4:102:Infinity":53,"b:100:8:100:25:100:25:100:52":13,"s:101:6:101:Infinity":54,"b:104:4:110:Infinity:undefined:undefined:undefined:undefined":14,"s:104:4:110:Infinity":55,"s:105:26:105:Infinity":56,"b:106:6:109:Infinity:undefined:undefined:undefined:undefined":15,"s:106:6:109:Infinity":57,"s:107:8:107:Infinity":58,"s:108:8:108:Infinity":59,"b:113:2:115:Infinity:undefined:undefined:undefined:undefined":16,"s:113:2:115:Infinity":60,"s:114:4:114:Infinity":61,"s:117:2:117:Infinity":62}}}
,"/Users/webpilots/Repos/Github/webtools-platform/server/src/tools/html-refactor/types.ts": {"path":"/Users/webpilots/Repos/Github/webtools-platform/server/src/tools/html-refactor/types.ts","statementMap":{"0":{"start":{"line":1,"column":32},"end":{"line":1,"column":null}}},"fnMap":{},"branchMap":{},"s":{"0":1},"f":{},"b":{},"meta":{"lastBranch":0,"lastFunction":0,"lastStatement":1,"seen":{"s:1:32:1:Infinity":0}}}
}
